1520507327131:generate-day-time-record
1520507336983:generate-day-time-record sdsdsd
1520507589424:g
1520507637676:gen-time-record
1520508095224:help
1520508103492:help gen-time-record
1520508110752:gen-time-record
1520508128500:gen-time-record 05/10/2018
1520508131079:exit
1520520106069:help
1520520110382:gen-time-record
1520520152698:gen-time-record 01/20/2018
1520520168147:gen-time-record 01/10/222
1520520169960:gen-time-record 01/10/22
1520520192309:exit
1520520277680:gen-time-record
1520520580572:exit
1520520601078:gen-time-record
1520520615400:cls
1520520618872:clear
1520520620907:exit
1520520748747:gen-time-record
1520521035724:exot
1520521037193:exit
1520521766099:gen-time-record
1520522760390:cls
1520522761455:clear
1520522775721:gen-time-record
1520526350387:gen-time-record 01/01/2017
1520526361117:gen-time-record
1520526376513:gen-time-record 01
1520526393493:gen-time-record 01/21/2018
1520526436593:gen-time-record 12/01/20
1520526448579:gen-time-record 12/01/2012
1520526523303:gen-time-record 12/12/2222
1520526529131:exit
1520526716416:gen-time-record
1520526958269:gen-file-record
1520526965368:gen-time-record
1520527006397:gen-time-record 01/21/2017
1520527022705:gen-time-record 01/01/2012
1520527027095:gen-time-record
1520527117166:gen-time-record 01/01/2012
1520527280073:gen-time-recorder
1520527292195:gen-timer-record
1520527299556:gen-time-record
1520529714767:sdsd
1520529722183:gen-time-record
